c:\users\stevu\documents\school\jaar 2020-2021\gameplay_programming\gpp_exam_assignment\2dae01_huijs_bjarne_gpp-exam2020\source_zombiegameai\project\_temp\debug\gpp_plugin_d.pch
c:\users\stevu\documents\school\jaar 2020-2021\gameplay_programming\gpp_exam_assignment\2dae01_huijs_bjarne_gpp-exam2020\source_zombiegameai\project\_temp\debug\vc142.pdb
c:\users\stevu\documents\school\jaar 2020-2021\gameplay_programming\gpp_exam_assignment\2dae01_huijs_bjarne_gpp-exam2020\source_zombiegameai\project\_temp\debug\vc142.idb
c:\users\stevu\documents\school\jaar 2020-2021\gameplay_programming\gpp_exam_assignment\2dae01_huijs_bjarne_gpp-exam2020\source_zombiegameai\project\_temp\debug\stdafx.obj
c:\users\stevu\documents\school\jaar 2020-2021\gameplay_programming\gpp_exam_assignment\2dae01_huijs_bjarne_gpp-exam2020\source_zombiegameai\project\_temp\debug\survivor.obj
c:\users\stevu\documents\school\jaar 2020-2021\gameplay_programming\gpp_exam_assignment\2dae01_huijs_bjarne_gpp-exam2020\source_zombiegameai\project\_temp\debug\steeringbehaviors.obj
c:\users\stevu\documents\school\jaar 2020-2021\gameplay_programming\gpp_exam_assignment\2dae01_huijs_bjarne_gpp-exam2020\source_zombiegameai\project\_temp\debug\plugin.obj
c:\users\stevu\documents\school\jaar 2020-2021\gameplay_programming\gpp_exam_assignment\2dae01_huijs_bjarne_gpp-exam2020\source_zombiegameai\project\_temp\debug\ebehaviortree.obj
c:\users\stevu\documents\school\jaar 2020-2021\gameplay_programming\gpp_exam_assignment\2dae01_huijs_bjarne_gpp-exam2020\source_zombiegameai\project\_temp\debug\consoleoutputreducer.obj
c:\users\stevu\documents\school\jaar 2020-2021\gameplay_programming\gpp_exam_assignment\2dae01_huijs_bjarne_gpp-exam2020\source_zombiegameai\_demo_debug\gpp_plugin_d.lib
c:\users\stevu\documents\school\jaar 2020-2021\gameplay_programming\gpp_exam_assignment\2dae01_huijs_bjarne_gpp-exam2020\source_zombiegameai\_demo_debug\gpp_plugin_d.exp
c:\users\stevu\documents\school\jaar 2020-2021\gameplay_programming\gpp_exam_assignment\2dae01_huijs_bjarne_gpp-exam2020\source_zombiegameai\_demo_debug\gpp_plugin_d.ilk
c:\users\stevu\documents\school\jaar 2020-2021\gameplay_programming\gpp_exam_assignment\2dae01_huijs_bjarne_gpp-exam2020\source_zombiegameai\_demo_debug\gpp_plugin_d.dll
c:\users\stevu\documents\school\jaar 2020-2021\gameplay_programming\gpp_exam_assignment\2dae01_huijs_bjarne_gpp-exam2020\source_zombiegameai\_demo_debug\gpp_plugin_d.pdb
c:\users\stevu\documents\school\jaar 2020-2021\gameplay_programming\gpp_exam_assignment\2dae01_huijs_bjarne_gpp-exam2020\source_zombiegameai\project\..\_demo_debug\gpp_plugin_d.pdb
c:\users\stevu\documents\school\jaar 2020-2021\gameplay_programming\gpp_exam_assignment\2dae01_huijs_bjarne_gpp-exam2020\source_zombiegameai\project\..\_demo_debug\gpp_plugin_d.ilk
c:\users\stevu\documents\school\jaar 2020-2021\gameplay_programming\gpp_exam_assignment\2dae01_huijs_bjarne_gpp-exam2020\source_zombiegameai\project\_temp\debug\gpp_exam.tlog\cl.command.1.tlog
c:\users\stevu\documents\school\jaar 2020-2021\gameplay_programming\gpp_exam_assignment\2dae01_huijs_bjarne_gpp-exam2020\source_zombiegameai\project\_temp\debug\gpp_exam.tlog\cl.read.1.tlog
c:\users\stevu\documents\school\jaar 2020-2021\gameplay_programming\gpp_exam_assignment\2dae01_huijs_bjarne_gpp-exam2020\source_zombiegameai\project\_temp\debug\gpp_exam.tlog\cl.write.1.tlog
c:\users\stevu\documents\school\jaar 2020-2021\gameplay_programming\gpp_exam_assignment\2dae01_huijs_bjarne_gpp-exam2020\source_zombiegameai\project\_temp\debug\gpp_exam.tlog\gpp_exam.write.1u.tlog
c:\users\stevu\documents\school\jaar 2020-2021\gameplay_programming\gpp_exam_assignment\2dae01_huijs_bjarne_gpp-exam2020\source_zombiegameai\project\_temp\debug\gpp_exam.tlog\link.command.1.tlog
c:\users\stevu\documents\school\jaar 2020-2021\gameplay_programming\gpp_exam_assignment\2dae01_huijs_bjarne_gpp-exam2020\source_zombiegameai\project\_temp\debug\gpp_exam.tlog\link.read.1.tlog
c:\users\stevu\documents\school\jaar 2020-2021\gameplay_programming\gpp_exam_assignment\2dae01_huijs_bjarne_gpp-exam2020\source_zombiegameai\project\_temp\debug\gpp_exam.tlog\link.write.1.tlog
